<?xml version="1.0" encoding="UTF-8"?>
<!-- Generated by org.testng.reporters.JUnitReportReporter -->
<testsuite hostname="wetechnolabs13" failures="0" tests="1" name="com.test.Test_Login_01" time="36.544" errors="0" timestamp="02 Dec 2022 14:08:22 GMT" skipped="0">
  <testcase classname="com.test.Test_Login_01" name="login" time="36.544"/>
</testsuite> <!-- com.test.Test_Login_01 -->
